=[INFO]-2023-07-31 01:20:47 INFO  Login:26 - url verified done:user_is_on_login_page
=[INFO]-2023-07-31 01:20:50 INFO  Login:37 - user logged in sc completed:user_enters_login_credentials_username_password
=[INFO]-2023-07-31 01:20:50 INFO  Login:26 - url verified done:user_is_on_login_page
=[INFO]-2023-07-31 01:20:50 INFO  Login:45 - user with wrong pwd  sc completed:user_enters_incorrect_password
=[INFO]-2023-07-31 01:20:51 INFO  Login:60 - Error message  verify completed:user_should_get_error_message
=[INFO]-2023-07-31 01:20:51 INFO  Login:26 - url verified done:user_is_on_login_page
=[INFO]-2023-07-31 01:20:51 INFO  Login:53 - user with wrong userName  sc completed:user_enters_incorrect_userName
=[INFO]-2023-07-31 01:20:51 INFO  Login:60 - Error message  verify completed:user_should_get_error_message
=[INFO]-2023-07-31 14:05:01 INFO  Login:28 - url verified done:user_is_on_login_page
=[INFO]-2023-07-31 14:05:05 INFO  Login:39 - user logged in sc completed:user_enters_login_credentials_username_password
=[INFO]-2023-07-31 14:07:27 INFO  Login:28 - url verified done:user_is_on_login_page
=[INFO]-2023-07-31 14:07:31 INFO  Login:39 - user logged in sc completed:user_enters_login_credentials_username_password
=[INFO]-2023-07-31 14:07:31 INFO  Login:28 - url verified done:user_is_on_login_page
=[INFO]-2023-07-31 14:07:32 INFO  Login:47 - user with wrong pwd  sc completed:user_enters_incorrect_password
=[INFO]-2023-07-31 14:07:32 INFO  Login:62 - Error message  verify completed:user_should_get_error_message
=[INFO]-2023-07-31 14:07:32 INFO  Login:28 - url verified done:user_is_on_login_page
=[INFO]-2023-07-31 14:07:33 INFO  Login:55 - user with wrong userName  sc completed:user_enters_incorrect_userName
=[INFO]-2023-07-31 14:07:33 INFO  Login:62 - Error message  verify completed:user_should_get_error_message
=[INFO]-2023-07-31 14:22:43 INFO  Login:28 - url verified done:user_is_on_login_page
=[INFO]-2023-07-31 14:22:46 INFO  Login:39 - user logged in sc completed:user_enters_login_credentials_username_password
=[INFO]-2023-07-31 14:31:57 INFO  Login:28 - url verified done:user_is_on_login_page
=[INFO]-2023-07-31 14:32:00 INFO  Login:39 - user logged in sc completed:user_enters_login_credentials_username_password
=[INFO]-2023-07-31 14:52:46 INFO  Login:28 - url verified done:user_is_on_login_page
=[INFO]-2023-07-31 14:52:50 INFO  Login:39 - user logged in sc completed:user_enters_login_credentials_username_password
=[INFO]-2023-07-31 14:54:48 INFO  Login:28 - url verified done:user_is_on_login_page
=[INFO]-2023-07-31 14:54:51 INFO  Login:39 - user logged in sc completed:user_enters_login_credentials_username_password
=[INFO]-2023-08-01 14:12:41 INFO  Login:28 - url verified done:user_is_on_login_page
=[INFO]-2023-08-01 14:12:44 INFO  Login:39 - user logged in sc completed:user_enters_login_credentials_username_password
=[INFO]-2023-08-01 15:07:51 INFO  Login:28 - url verified done:user_is_on_login_page
=[INFO]-2023-08-01 15:07:54 INFO  Login:39 - user logged in sc completed:user_enters_login_credentials_username_password
=[INFO]-2023-08-01 15:07:54 INFO  Login:28 - url verified done:user_is_on_login_page
=[INFO]-2023-08-01 15:07:55 INFO  Login:47 - user with wrong pwd  sc completed:user_enters_incorrect_password
=[INFO]-2023-08-01 15:07:55 INFO  Login:62 - Error message  verify completed:user_should_get_error_message
=[INFO]-2023-08-01 15:07:55 INFO  Login:28 - url verified done:user_is_on_login_page
=[INFO]-2023-08-01 15:07:56 INFO  Login:55 - user with wrong userName  sc completed:user_enters_incorrect_userName
=[INFO]-2023-08-01 15:07:56 INFO  Login:62 - Error message  verify completed:user_should_get_error_message
=[INFO]-2023-08-01 15:15:10 INFO  Login:28 - url verified done:user_is_on_login_page
=[INFO]-2023-08-01 15:15:13 INFO  Login:39 - user logged in sc completed:user_enters_login_credentials_username_password
=[INFO]-2023-08-01 15:15:13 INFO  Login:28 - url verified done:user_is_on_login_page
=[INFO]-2023-08-01 15:15:13 INFO  Login:47 - user with wrong pwd  sc completed:user_enters_incorrect_password
=[INFO]-2023-08-01 15:15:13 INFO  Login:62 - Error message  verify completed:user_should_get_error_message
=[INFO]-2023-08-01 15:15:14 INFO  Login:28 - url verified done:user_is_on_login_page
=[INFO]-2023-08-01 15:15:14 INFO  Login:55 - user with wrong userName  sc completed:user_enters_incorrect_userName
=[INFO]-2023-08-01 15:15:14 INFO  Login:62 - Error message  verify completed:user_should_get_error_message
=[INFO]-2023-08-01 15:17:25 INFO  Login:28 - url verified done:user_is_on_login_page
=[INFO]-2023-08-01 15:17:28 INFO  Login:39 - user logged in sc completed:user_enters_login_credentials_username_password
=[INFO]-2023-08-01 15:17:29 INFO  Login:28 - url verified done:user_is_on_login_page
=[INFO]-2023-08-01 15:17:29 INFO  Login:47 - user with wrong pwd  sc completed:user_enters_incorrect_password
=[INFO]-2023-08-01 15:17:29 INFO  Login:62 - Error message  verify completed:user_should_get_error_message
=[INFO]-2023-08-01 15:17:30 INFO  Login:28 - url verified done:user_is_on_login_page
=[INFO]-2023-08-01 15:17:30 INFO  Login:55 - user with wrong userName  sc completed:user_enters_incorrect_userName
=[INFO]-2023-08-01 15:17:30 INFO  Login:62 - Error message  verify completed:user_should_get_error_message
=[INFO]-2023-08-01 15:35:02 INFO  Login:28 - url verified done:user_is_on_login_page
=[INFO]-2023-08-01 15:35:05 INFO  Login:39 - user logged in sc completed:user_enters_login_credentials_username_password
=[INFO]-2023-08-01 15:35:05 INFO  Login:28 - url verified done:user_is_on_login_page
=[INFO]-2023-08-01 15:35:06 INFO  Login:47 - user with wrong pwd  sc completed:user_enters_incorrect_password
=[INFO]-2023-08-01 15:35:06 INFO  Login:62 - Error message  verify completed:user_should_get_error_message
=[INFO]-2023-08-01 15:35:06 INFO  Login:28 - url verified done:user_is_on_login_page
=[INFO]-2023-08-01 15:35:07 INFO  Login:55 - user with wrong userName  sc completed:user_enters_incorrect_userName
=[INFO]-2023-08-01 15:35:07 INFO  Login:62 - Error message  verify completed:user_should_get_error_message
=[INFO]-2023-08-02 23:12:09 INFO  Login:28 - url verified done:user_is_on_login_page
=[INFO]-2023-08-02 23:12:12 INFO  Login:39 - user logged in sc completed:user_enters_login_credentials_username_password
=[INFO]-2023-08-02 23:14:34 INFO  Login:28 - url verified done:user_is_on_login_page
=[INFO]-2023-08-02 23:14:37 INFO  Login:39 - user logged in sc completed:user_enters_login_credentials_username_password
=[INFO]-2023-08-02 23:14:37 INFO  Login:28 - url verified done:user_is_on_login_page
=[INFO]-2023-08-02 23:14:38 INFO  Login:47 - user with wrong pwd  sc completed:user_enters_incorrect_password
=[INFO]-2023-08-02 23:14:38 INFO  Login:62 - Error message  verify completed:user_should_get_error_message
=[INFO]-2023-08-02 23:14:38 INFO  Login:28 - url verified done:user_is_on_login_page
=[INFO]-2023-08-02 23:14:38 INFO  Login:55 - user with wrong userName  sc completed:user_enters_incorrect_userName
=[INFO]-2023-08-02 23:14:38 INFO  Login:62 - Error message  verify completed:user_should_get_error_message
